<?xml version="1.0" encoding="UTF-8"?>
<testsuite xmlns:xsi="http://www.w3.org/2001/XMLSchema-instance" xsi:noNamespaceSchemaLocation="https://maven.apache.org/surefire/maven-surefire-plugin/xsd/surefire-test-report.xsd" name="com.nnk.springboot.service.TradeServiceTest" time="3.371" tests="7" errors="0" skipped="0" failures="0">
  <properties>
    <property name="sun.desktop" value="windows"/>
    <property name="awt.toolkit" value="sun.awt.windows.WToolkit"/>
    <property name="file.encoding.pkg" value="sun.io"/>
    <property name="java.specification.version" value="1.8"/>
    <property name="sun.cpu.isalist" value="amd64"/>
    <property name="sun.jnu.encoding" value="Cp1252"/>
    <property name="java.class.path" value="C:\Users\p-tit\eclipse-workspace\Poseidon-P7\JavaDA_PROJECT7_RESTAPI\Poseiden-skeleton\target\test-classes;C:\Users\p-tit\eclipse-workspace\Poseidon-P7\JavaDA_PROJECT7_RESTAPI\Poseiden-skeleton\target\classes;C:\Developpement\Outils\apache-maven-3.8.7\repository\org\hibernate\validator\hibernate-validator\6.1.7.Final\hibernate-validator-6.1.7.Final.jar;C:\Developpement\Outils\apache-maven-3.8.7\repository\jakarta\validation\jakarta.validation-api\2.0.2\jakarta.validation-api-2.0.2.jar;C:\Developpement\Outils\apache-maven-3.8.7\repository\org\jboss\logging\jboss-logging\3.3.2.Final\jboss-logging-3.3.2.Final.jar;C:\Developpement\Outils\apache-maven-3.8.7\repository\com\fasterxml\classmate\1.3.4\classmate-1.3.4.jar;C:\Developpement\Outils\apache-maven-3.8.7\repository\org\springframework\boot\spring-boot-starter-test\2.0.4.RELEASE\spring-boot-starter-test-2.0.4.RELEASE.jar;C:\Developpement\Outils\apache-maven-3.8.7\repository\org\springframework\boot\spring-boot-starter\2.0.4.RELEASE\spring-boot-starter-2.0.4.RELEASE.jar;C:\Developpement\Outils\apache-maven-3.8.7\repository\org\springframework\boot\spring-boot-starter-logging\2.0.4.RELEASE\spring-boot-starter-logging-2.0.4.RELEASE.jar;C:\Developpement\Outils\apache-maven-3.8.7\repository\ch\qos\logback\logback-classic\1.2.3\logback-classic-1.2.3.jar;C:\Developpement\Outils\apache-maven-3.8.7\repository\ch\qos\logback\logback-core\1.2.3\logback-core-1.2.3.jar;C:\Developpement\Outils\apache-maven-3.8.7\repository\org\apache\logging\log4j\log4j-to-slf4j\2.10.0\log4j-to-slf4j-2.10.0.jar;C:\Developpement\Outils\apache-maven-3.8.7\repository\org\apache\logging\log4j\log4j-api\2.10.0\log4j-api-2.10.0.jar;C:\Developpement\Outils\apache-maven-3.8.7\repository\org\slf4j\jul-to-slf4j\1.7.25\jul-to-slf4j-1.7.25.jar;C:\Developpement\Outils\apache-maven-3.8.7\repository\javax\annotation\javax.annotation-api\1.3.2\javax.annotation-api-1.3.2.jar;C:\Developpement\Outils\apache-maven-3.8.7\repository\org\yaml\snakeyaml\1.19\snakeyaml-1.19.jar;C:\Developpement\Outils\apache-maven-3.8.7\repository\org\springframework\boot\spring-boot-test\2.0.4.RELEASE\spring-boot-test-2.0.4.RELEASE.jar;C:\Developpement\Outils\apache-maven-3.8.7\repository\org\springframework\boot\spring-boot-test-autoconfigure\2.0.4.RELEASE\spring-boot-test-autoconfigure-2.0.4.RELEASE.jar;C:\Developpement\Outils\apache-maven-3.8.7\repository\com\jayway\jsonpath\json-path\2.4.0\json-path-2.4.0.jar;C:\Developpement\Outils\apache-maven-3.8.7\repository\net\minidev\json-smart\2.3\json-smart-2.3.jar;C:\Developpement\Outils\apache-maven-3.8.7\repository\net\minidev\accessors-smart\1.2\accessors-smart-1.2.jar;C:\Developpement\Outils\apache-maven-3.8.7\repository\org\slf4j\slf4j-api\1.7.25\slf4j-api-1.7.25.jar;C:\Developpement\Outils\apache-maven-3.8.7\repository\junit\junit\4.12\junit-4.12.jar;C:\Developpement\Outils\apache-maven-3.8.7\repository\org\assertj\assertj-core\3.9.1\assertj-core-3.9.1.jar;C:\Developpement\Outils\apache-maven-3.8.7\repository\org\mockito\mockito-core\2.15.0\mockito-core-2.15.0.jar;C:\Developpement\Outils\apache-maven-3.8.7\repository\net\bytebuddy\byte-buddy\1.7.11\byte-buddy-1.7.11.jar;C:\Developpement\Outils\apache-maven-3.8.7\repository\net\bytebuddy\byte-buddy-agent\1.7.11\byte-buddy-agent-1.7.11.jar;C:\Developpement\Outils\apache-maven-3.8.7\repository\org\objenesis\objenesis\2.6\objenesis-2.6.jar;C:\Developpement\Outils\apache-maven-3.8.7\repository\org\hamcrest\hamcrest-core\1.3\hamcrest-core-1.3.jar;C:\Developpement\Outils\apache-maven-3.8.7\repository\org\hamcrest\hamcrest-library\1.3\hamcrest-library-1.3.jar;C:\Developpement\Outils\apache-maven-3.8.7\repository\org\skyscreamer\jsonassert\1.5.0\jsonassert-1.5.0.jar;C:\Developpement\Outils\apache-maven-3.8.7\repository\com\vaadin\external\google\android-json\0.0.20131108.vaadin1\android-json-0.0.20131108.vaadin1.jar;C:\Developpement\Outils\apache-maven-3.8.7\repository\org\springframework\spring-core\5.0.8.RELEASE\spring-core-5.0.8.RELEASE.jar;C:\Developpement\Outils\apache-maven-3.8.7\repository\org\springframework\spring-jcl\5.0.8.RELEASE\spring-jcl-5.0.8.RELEASE.jar;C:\Developpement\Outils\apache-maven-3.8.7\repository\org\springframework\spring-test\5.0.8.RELEASE\spring-test-5.0.8.RELEASE.jar;C:\Developpement\Outils\apache-maven-3.8.7\repository\org\xmlunit\xmlunit-core\2.5.1\xmlunit-core-2.5.1.jar;C:\Developpement\Outils\apache-maven-3.8.7\repository\org\springframework\boot\spring-boot-starter-data-jpa\2.0.4.RELEASE\spring-boot-starter-data-jpa-2.0.4.RELEASE.jar;C:\Developpement\Outils\apache-maven-3.8.7\repository\org\springframework\boot\spring-boot-starter-aop\2.0.4.RELEASE\spring-boot-starter-aop-2.0.4.RELEASE.jar;C:\Developpement\Outils\apache-maven-3.8.7\repository\org\aspectj\aspectjweaver\1.8.13\aspectjweaver-1.8.13.jar;C:\Developpement\Outils\apache-maven-3.8.7\repository\org\springframework\boot\spring-boot-starter-jdbc\2.0.4.RELEASE\spring-boot-starter-jdbc-2.0.4.RELEASE.jar;C:\Developpement\Outils\apache-maven-3.8.7\repository\com\zaxxer\HikariCP\2.7.9\HikariCP-2.7.9.jar;C:\Developpement\Outils\apache-maven-3.8.7\repository\org\springframework\spring-jdbc\5.0.8.RELEASE\spring-jdbc-5.0.8.RELEASE.jar;C:\Developpement\Outils\apache-maven-3.8.7\repository\org\hibernate\hibernate-core\5.2.17.Final\hibernate-core-5.2.17.Final.jar;C:\Developpement\Outils\apache-maven-3.8.7\repository\org\hibernate\javax\persistence\hibernate-jpa-2.1-api\1.0.2.Final\hibernate-jpa-2.1-api-1.0.2.Final.jar;C:\Developpement\Outils\apache-maven-3.8.7\repository\org\javassist\javassist\3.22.0-GA\javassist-3.22.0-GA.jar;C:\Developpement\Outils\apache-maven-3.8.7\repository\antlr\antlr\2.7.7\antlr-2.7.7.jar;C:\Developpement\Outils\apache-maven-3.8.7\repository\org\jboss\jandex\2.0.3.Final\jandex-2.0.3.Final.jar;C:\Developpement\Outils\apache-maven-3.8.7\repository\dom4j\dom4j\1.6.1\dom4j-1.6.1.jar;C:\Developpement\Outils\apache-maven-3.8.7\repository\org\hibernate\common\hibernate-commons-annotations\5.0.1.Final\hibernate-commons-annotations-5.0.1.Final.jar;C:\Developpement\Outils\apache-maven-3.8.7\repository\javax\transaction\javax.transaction-api\1.2\javax.transaction-api-1.2.jar;C:\Developpement\Outils\apache-maven-3.8.7\repository\org\springframework\data\spring-data-jpa\2.0.9.RELEASE\spring-data-jpa-2.0.9.RELEASE.jar;C:\Developpement\Outils\apache-maven-3.8.7\repository\org\springframework\data\spring-data-commons\2.0.9.RELEASE\spring-data-commons-2.0.9.RELEASE.jar;C:\Developpement\Outils\apache-maven-3.8.7\repository\org\springframework\spring-orm\5.0.8.RELEASE\spring-orm-5.0.8.RELEASE.jar;C:\Developpement\Outils\apache-maven-3.8.7\repository\org\springframework\spring-context\5.0.8.RELEASE\spring-context-5.0.8.RELEASE.jar;C:\Developpement\Outils\apache-maven-3.8.7\repository\org\springframework\spring-tx\5.0.8.RELEASE\spring-tx-5.0.8.RELEASE.jar;C:\Developpement\Outils\apache-maven-3.8.7\repository\org\springframework\spring-beans\5.0.8.RELEASE\spring-beans-5.0.8.RELEASE.jar;C:\Developpement\Outils\apache-maven-3.8.7\repository\org\springframework\spring-aspects\5.0.8.RELEASE\spring-aspects-5.0.8.RELEASE.jar;C:\Developpement\Outils\apache-maven-3.8.7\repository\org\springframework\boot\spring-boot-starter-web\2.0.4.RELEASE\spring-boot-starter-web-2.0.4.RELEASE.jar;C:\Developpement\Outils\apache-maven-3.8.7\repository\org\springframework\boot\spring-boot-starter-json\2.0.4.RELEASE\spring-boot-starter-json-2.0.4.RELEASE.jar;C:\Developpement\Outils\apache-maven-3.8.7\repository\com\fasterxml\jackson\core\jackson-databind\2.9.6\jackson-databind-2.9.6.jar;C:\Developpement\Outils\apache-maven-3.8.7\repository\com\fasterxml\jackson\core\jackson-annotations\2.9.0\jackson-annotations-2.9.0.jar;C:\Developpement\Outils\apache-maven-3.8.7\repository\com\fasterxml\jackson\core\jackson-core\2.9.6\jackson-core-2.9.6.jar;C:\Developpement\Outils\apache-maven-3.8.7\repository\com\fasterxml\jackson\datatype\jackson-datatype-jdk8\2.9.6\jackson-datatype-jdk8-2.9.6.jar;C:\Developpement\Outils\apache-maven-3.8.7\repository\com\fasterxml\jackson\datatype\jackson-datatype-jsr310\2.9.6\jackson-datatype-jsr310-2.9.6.jar;C:\Developpement\Outils\apache-maven-3.8.7\repository\com\fasterxml\jackson\module\jackson-module-parameter-names\2.9.6\jackson-module-parameter-names-2.9.6.jar;C:\Developpement\Outils\apache-maven-3.8.7\repository\org\springframework\boot\spring-boot-starter-tomcat\2.0.4.RELEASE\spring-boot-starter-tomcat-2.0.4.RELEASE.jar;C:\Developpement\Outils\apache-maven-3.8.7\repository\org\apache\tomcat\embed\tomcat-embed-core\8.5.32\tomcat-embed-core-8.5.32.jar;C:\Developpement\Outils\apache-maven-3.8.7\repository\org\apache\tomcat\embed\tomcat-embed-el\8.5.32\tomcat-embed-el-8.5.32.jar;C:\Developpement\Outils\apache-maven-3.8.7\repository\org\apache\tomcat\embed\tomcat-embed-websocket\8.5.32\tomcat-embed-websocket-8.5.32.jar;C:\Developpement\Outils\apache-maven-3.8.7\repository\org\springframework\spring-web\5.0.8.RELEASE\spring-web-5.0.8.RELEASE.jar;C:\Developpement\Outils\apache-maven-3.8.7\repository\org\springframework\spring-webmvc\5.0.8.RELEASE\spring-webmvc-5.0.8.RELEASE.jar;C:\Developpement\Outils\apache-maven-3.8.7\repository\org\springframework\spring-expression\5.0.8.RELEASE\spring-expression-5.0.8.RELEASE.jar;C:\Developpement\Outils\apache-maven-3.8.7\repository\org\springframework\boot\spring-boot-starter-thymeleaf\2.0.4.RELEASE\spring-boot-starter-thymeleaf-2.0.4.RELEASE.jar;C:\Developpement\Outils\apache-maven-3.8.7\repository\org\thymeleaf\thymeleaf-spring5\3.0.9.RELEASE\thymeleaf-spring5-3.0.9.RELEASE.jar;C:\Developpement\Outils\apache-maven-3.8.7\repository\org\thymeleaf\thymeleaf\3.0.9.RELEASE\thymeleaf-3.0.9.RELEASE.jar;C:\Developpement\Outils\apache-maven-3.8.7\repository\org\attoparser\attoparser\2.0.4.RELEASE\attoparser-2.0.4.RELEASE.jar;C:\Developpement\Outils\apache-maven-3.8.7\repository\org\unbescape\unbescape\1.1.5.RELEASE\unbescape-1.1.5.RELEASE.jar;C:\Developpement\Outils\apache-maven-3.8.7\repository\org\thymeleaf\extras\thymeleaf-extras-java8time\3.0.1.RELEASE\thymeleaf-extras-java8time-3.0.1.RELEASE.jar;C:\Developpement\Outils\apache-maven-3.8.7\repository\org\springframework\boot\spring-boot-starter-security\2.0.4.RELEASE\spring-boot-starter-security-2.0.4.RELEASE.jar;C:\Developpement\Outils\apache-maven-3.8.7\repository\org\springframework\spring-aop\5.0.8.RELEASE\spring-aop-5.0.8.RELEASE.jar;C:\Developpement\Outils\apache-maven-3.8.7\repository\org\springframework\security\spring-security-config\5.0.7.RELEASE\spring-security-config-5.0.7.RELEASE.jar;C:\Developpement\Outils\apache-maven-3.8.7\repository\org\springframework\security\spring-security-web\5.0.7.RELEASE\spring-security-web-5.0.7.RELEASE.jar;C:\Developpement\Outils\apache-maven-3.8.7\repository\org\springframework\security\spring-security-test\5.0.7.RELEASE\spring-security-test-5.0.7.RELEASE.jar;C:\Developpement\Outils\apache-maven-3.8.7\repository\org\springframework\security\spring-security-core\5.0.7.RELEASE\spring-security-core-5.0.7.RELEASE.jar;C:\Developpement\Outils\apache-maven-3.8.7\repository\org\springframework\boot\spring-boot-devtools\2.0.4.RELEASE\spring-boot-devtools-2.0.4.RELEASE.jar;C:\Developpement\Outils\apache-maven-3.8.7\repository\org\springframework\boot\spring-boot\2.0.4.RELEASE\spring-boot-2.0.4.RELEASE.jar;C:\Developpement\Outils\apache-maven-3.8.7\repository\org\springframework\boot\spring-boot-autoconfigure\2.0.4.RELEASE\spring-boot-autoconfigure-2.0.4.RELEASE.jar;C:\Developpement\Outils\apache-maven-3.8.7\repository\mysql\mysql-connector-java\5.1.46\mysql-connector-java-5.1.46.jar;C:\Developpement\Outils\apache-maven-3.8.7\repository\com\h2database\h2\1.4.197\h2-1.4.197.jar;C:\Developpement\Outils\apache-maven-3.8.7\repository\org\projectlombok\lombok\1.16.22\lombok-1.16.22.jar;C:\Developpement\Outils\apache-maven-3.8.7\repository\org\jacoco\jacoco-maven-plugin\0.8.8\jacoco-maven-plugin-0.8.8.jar;C:\Developpement\Outils\apache-maven-3.8.7\repository\org\codehaus\plexus\plexus-utils\3.0.22\plexus-utils-3.0.22.jar;C:\Developpement\Outils\apache-maven-3.8.7\repository\org\apache\maven\shared\file-management\1.2.1\file-management-1.2.1.jar;C:\Developpement\Outils\apache-maven-3.8.7\repository\org\apache\maven\maven-plugin-api\2.0.6\maven-plugin-api-2.0.6.jar;C:\Developpement\Outils\apache-maven-3.8.7\repository\org\apache\maven\shared\maven-shared-io\1.1\maven-shared-io-1.1.jar;C:\Developpement\Outils\apache-maven-3.8.7\repository\org\apache\maven\maven-artifact-manager\2.0.2\maven-artifact-manager-2.0.2.jar;C:\Developpement\Outils\apache-maven-3.8.7\repository\org\apache\maven\wagon\wagon-provider-api\1.0-alpha-6\wagon-provider-api-1.0-alpha-6.jar;C:\Developpement\Outils\apache-maven-3.8.7\repository\org\codehaus\plexus\plexus-container-default\1.0-alpha-9\plexus-container-default-1.0-alpha-9.jar;C:\Developpement\Outils\apache-maven-3.8.7\repository\classworlds\classworlds\1.1-alpha-2\classworlds-1.1-alpha-2.jar;C:\Developpement\Outils\apache-maven-3.8.7\repository\org\apache\maven\reporting\maven-reporting-api\3.0\maven-reporting-api-3.0.jar;C:\Developpement\Outils\apache-maven-3.8.7\repository\org\jacoco\org.jacoco.agent\0.8.8\org.jacoco.agent-0.8.8-runtime.jar;C:\Developpement\Outils\apache-maven-3.8.7\repository\org\jacoco\org.jacoco.core\0.8.8\org.jacoco.core-0.8.8.jar;C:\Developpement\Outils\apache-maven-3.8.7\repository\org\ow2\asm\asm\9.2\asm-9.2.jar;C:\Developpement\Outils\apache-maven-3.8.7\repository\org\ow2\asm\asm-commons\9.2\asm-commons-9.2.jar;C:\Developpement\Outils\apache-maven-3.8.7\repository\org\ow2\asm\asm-analysis\9.2\asm-analysis-9.2.jar;C:\Developpement\Outils\apache-maven-3.8.7\repository\org\ow2\asm\asm-tree\9.2\asm-tree-9.2.jar;C:\Developpement\Outils\apache-maven-3.8.7\repository\org\jacoco\org.jacoco.report\0.8.8\org.jacoco.report-0.8.8.jar;C:\Developpement\Outils\apache-maven-3.8.7\repository\org\junit\jupiter\junit-jupiter\5.9.1\junit-jupiter-5.9.1.jar;C:\Developpement\Outils\apache-maven-3.8.7\repository\org\junit\jupiter\junit-jupiter-api\5.1.1\junit-jupiter-api-5.1.1.jar;C:\Developpement\Outils\apache-maven-3.8.7\repository\org\apiguardian\apiguardian-api\1.0.0\apiguardian-api-1.0.0.jar;C:\Developpement\Outils\apache-maven-3.8.7\repository\org\opentest4j\opentest4j\1.0.0\opentest4j-1.0.0.jar;C:\Developpement\Outils\apache-maven-3.8.7\repository\org\junit\platform\junit-platform-commons\1.1.1\junit-platform-commons-1.1.1.jar;C:\Developpement\Outils\apache-maven-3.8.7\repository\org\junit\jupiter\junit-jupiter-params\5.1.1\junit-jupiter-params-5.1.1.jar;C:\Developpement\Outils\apache-maven-3.8.7\repository\org\junit\jupiter\junit-jupiter-engine\5.1.1\junit-jupiter-engine-5.1.1.jar;C:\Developpement\Outils\apache-maven-3.8.7\repository\org\junit\platform\junit-platform-engine\1.1.1\junit-platform-engine-1.1.1.jar;C:\Developpement\Outils\apache-maven-3.8.7\repository\org\apache\maven\plugins\maven-site-plugin\4.0.0-M4\maven-site-plugin-4.0.0-M4.jar;C:\Developpement\Outils\apache-maven-3.8.7\repository\org\apache\maven\reporting\maven-reporting-exec\2.0.0-M3\maven-reporting-exec-2.0.0-M3.jar;C:\Developpement\Outils\apache-maven-3.8.7\repository\org\apache\maven\maven-artifact\3.2.5\maven-artifact-3.2.5.jar;C:\Developpement\Outils\apache-maven-3.8.7\repository\org\apache\maven\maven-core\3.2.5\maven-core-3.2.5.jar;C:\Developpement\Outils\apache-maven-3.8.7\repository\org\apache\maven\maven-repository-metadata\3.2.5\maven-repository-metadata-3.2.5.jar;C:\Developpement\Outils\apache-maven-3.8.7\repository\org\apache\maven\maven-model-builder\3.2.5\maven-model-builder-3.2.5.jar;C:\Developpement\Outils\apache-maven-3.8.7\repository\org\apache\maven\maven-aether-provider\3.2.5\maven-aether-provider-3.2.5.jar;C:\Developpement\Outils\apache-maven-3.8.7\repository\org\eclipse\aether\aether-spi\1.0.0.v20140518\aether-spi-1.0.0.v20140518.jar;C:\Developpement\Outils\apache-maven-3.8.7\repository\org\eclipse\aether\aether-impl\1.0.0.v20140518\aether-impl-1.0.0.v20140518.jar;C:\Developpement\Outils\apache-maven-3.8.7\repository\org\sonatype\sisu\sisu-guice\3.2.3\sisu-guice-3.2.3-no_aop.jar;C:\Developpement\Outils\apache-maven-3.8.7\repository\aopalliance\aopalliance\1.0\aopalliance-1.0.jar;C:\Developpement\Outils\apache-maven-3.8.7\repository\com\google\guava\guava\16.0.1\guava-16.0.1.jar;C:\Developpement\Outils\apache-maven-3.8.7\repository\org\codehaus\plexus\plexus-component-annotations\1.5.5\plexus-component-annotations-1.5.5.jar;C:\Developpement\Outils\apache-maven-3.8.7\repository\org\sonatype\plexus\plexus-sec-dispatcher\1.3\plexus-sec-dispatcher-1.3.jar;C:\Developpement\Outils\apache-maven-3.8.7\repository\org\sonatype\plexus\plexus-cipher\1.4\plexus-cipher-1.4.jar;C:\Developpement\Outils\apache-maven-3.8.7\repository\org\apache\maven\maven-model\3.2.5\maven-model-3.2.5.jar;C:\Developpement\Outils\apache-maven-3.8.7\repository\org\apache\maven\maven-settings\3.2.5\maven-settings-3.2.5.jar;C:\Developpement\Outils\apache-maven-3.8.7\repository\org\apache\maven\maven-settings-builder\3.2.5\maven-settings-builder-3.2.5.jar;C:\Developpement\Outils\apache-maven-3.8.7\repository\javax\inject\javax.inject\1\javax.inject-1.jar;C:\Developpement\Outils\apache-maven-3.8.7\repository\org\eclipse\aether\aether-api\1.0.0.v20140518\aether-api-1.0.0.v20140518.jar;C:\Developpement\Outils\apache-maven-3.8.7\repository\org\eclipse\aether\aether-util\1.0.0.v20140518\aether-util-1.0.0.v20140518.jar;C:\Developpement\Outils\apache-maven-3.8.7\repository\org\codehaus\plexus\plexus-classworlds\2.6.0\plexus-classworlds-2.6.0.jar;C:\Developpement\Outils\apache-maven-3.8.7\repository\org\apache\maven\shared\maven-shared-utils\3.3.4\maven-shared-utils-3.3.4.jar;C:\Developpement\Outils\apache-maven-3.8.7\repository\commons-io\commons-io\2.6\commons-io-2.6.jar;C:\Developpement\Outils\apache-maven-3.8.7\repository\org\apache\maven\maven-archiver\3.6.0\maven-archiver-3.6.0.jar;C:\Developpement\Outils\apache-maven-3.8.7\repository\org\codehaus\plexus\plexus-io\3.4.0\plexus-io-3.4.0.jar;C:\Developpement\Outils\apache-maven-3.8.7\repository\org\codehaus\plexus\plexus-interpolation\1.26\plexus-interpolation-1.26.jar;C:\Developpement\Outils\apache-maven-3.8.7\repository\org\codehaus\plexus\plexus-archiver\4.6.0\plexus-archiver-4.6.0.jar;C:\Developpement\Outils\apache-maven-3.8.7\repository\org\apache\commons\commons-compress\1.21\commons-compress-1.21.jar;C:\Developpement\Outils\apache-maven-3.8.7\repository\org\iq80\snappy\snappy\0.4\snappy-0.4.jar;C:\Developpement\Outils\apache-maven-3.8.7\repository\org\tukaani\xz\1.9\xz-1.9.jar;C:\Developpement\Outils\apache-maven-3.8.7\repository\com\github\luben\zstd-jni\1.5.2-5\zstd-jni-1.5.2-5.jar;C:\Developpement\Outils\apache-maven-3.8.7\repository\org\codehaus\plexus\plexus-i18n\1.0-beta-10\plexus-i18n-1.0-beta-10.jar;C:\Developpement\Outils\apache-maven-3.8.7\repository\org\apache\maven\doxia\doxia-sink-api\2.0.0-M4\doxia-sink-api-2.0.0-M4.jar;C:\Developpement\Outils\apache-maven-3.8.7\repository\org\apache\maven\doxia\doxia-core\2.0.0-M4\doxia-core-2.0.0-M4.jar;C:\Developpement\Outils\apache-maven-3.8.7\repository\org\eclipse\sisu\org.eclipse.sisu.plexus\0.3.5\org.eclipse.sisu.plexus-0.3.5.jar;C:\Developpement\Outils\apache-maven-3.8.7\repository\javax\enterprise\cdi-api\1.2\cdi-api-1.2.jar;C:\Developpement\Outils\apache-maven-3.8.7\repository\org\eclipse\sisu\org.eclipse.sisu.inject\0.3.5\org.eclipse.sisu.inject-0.3.5.jar;C:\Developpement\Outils\apache-maven-3.8.7\repository\org\apache\commons\commons-text\1.9\commons-text-1.9.jar;C:\Developpement\Outils\apache-maven-3.8.7\repository\org\apache\maven\doxia\doxia-module-xhtml5\2.0.0-M4\doxia-module-xhtml5-2.0.0-M4.jar;C:\Developpement\Outils\apache-maven-3.8.7\repository\org\apache\maven\doxia\doxia-module-apt\2.0.0-M4\doxia-module-apt-2.0.0-M4.jar;C:\Developpement\Outils\apache-maven-3.8.7\repository\org\apache\maven\doxia\doxia-module-xdoc\2.0.0-M4\doxia-module-xdoc-2.0.0-M4.jar;C:\Developpement\Outils\apache-maven-3.8.7\repository\org\apache\maven\doxia\doxia-module-fml\2.0.0-M4\doxia-module-fml-2.0.0-M4.jar;C:\Developpement\Outils\apache-maven-3.8.7\repository\org\apache\maven\doxia\doxia-module-markdown\2.0.0-M4\doxia-module-markdown-2.0.0-M4.jar;C:\Developpement\Outils\apache-maven-3.8.7\repository\com\vladsch\flexmark\flexmark-all\0.62.2\flexmark-all-0.62.2.jar;C:\Developpement\Outils\apache-maven-3.8.7\repository\com\vladsch\flexmark\flexmark\0.62.2\flexmark-0.62.2.jar;C:\Developpement\Outils\apache-maven-3.8.7\repository\com\vladsch\flexmark\flexmark-ext-abbreviation\0.62.2\flexmark-ext-abbreviation-0.62.2.jar;C:\Developpement\Outils\apache-maven-3.8.7\repository\com\vladsch\flexmark\flexmark-util\0.62.2\flexmark-util-0.62.2.jar;C:\Developpement\Outils\apache-maven-3.8.7\repository\com\vladsch\flexmark\flexmark-ext-admonition\0.62.2\flexmark-ext-admonition-0.62.2.jar;C:\Developpement\Outils\apache-maven-3.8.7\repository\com\vladsch\flexmark\flexmark-ext-anchorlink\0.62.2\flexmark-ext-anchorlink-0.62.2.jar;C:\Developpement\Outils\apache-maven-3.8.7\repository\com\vladsch\flexmark\flexmark-ext-aside\0.62.2\flexmark-ext-aside-0.62.2.jar;C:\Developpement\Outils\apache-maven-3.8.7\repository\com\vladsch\flexmark\flexmark-ext-attributes\0.62.2\flexmark-ext-attributes-0.62.2.jar;C:\Developpement\Outils\apache-maven-3.8.7\repository\com\vladsch\flexmark\flexmark-ext-autolink\0.62.2\flexmark-ext-autolink-0.62.2.jar;C:\Developpement\Outils\apache-maven-3.8.7\repository\org\nibor\autolink\autolink\0.6.0\autolink-0.6.0.jar;C:\Developpement\Outils\apache-maven-3.8.7\repository\com\vladsch\flexmark\flexmark-ext-definition\0.62.2\flexmark-ext-definition-0.62.2.jar;C:\Developpement\Outils\apache-maven-3.8.7\repository\com\vladsch\flexmark\flexmark-ext-emoji\0.62.2\flexmark-ext-emoji-0.62.2.jar;C:\Developpement\Outils\apache-maven-3.8.7\repository\com\vladsch\flexmark\flexmark-ext-enumerated-reference\0.62.2\flexmark-ext-enumerated-reference-0.62.2.jar;C:\Developpement\Outils\apache-maven-3.8.7\repository\com\vladsch\flexmark\flexmark-ext-escaped-character\0.62.2\flexmark-ext-escaped-character-0.62.2.jar;C:\Developpement\Outils\apache-maven-3.8.7\repository\com\vladsch\flexmark\flexmark-ext-footnotes\0.62.2\flexmark-ext-footnotes-0.62.2.jar;C:\Developpement\Outils\apache-maven-3.8.7\repository\com\vladsch\flexmark\flexmark-ext-gfm-issues\0.62.2\flexmark-ext-gfm-issues-0.62.2.jar;C:\Developpement\Outils\apache-maven-3.8.7\repository\com\vladsch\flexmark\flexmark-ext-gfm-strikethrough\0.62.2\flexmark-ext-gfm-strikethrough-0.62.2.jar;C:\Developpement\Outils\apache-maven-3.8.7\repository\com\vladsch\flexmark\flexmark-ext-gfm-tasklist\0.62.2\flexmark-ext-gfm-tasklist-0.62.2.jar;C:\Developpement\Outils\apache-maven-3.8.7\repository\com\vladsch\flexmark\flexmark-ext-gfm-users\0.62.2\flexmark-ext-gfm-users-0.62.2.jar;C:\Developpement\Outils\apache-maven-3.8.7\repository\com\vladsch\flexmark\flexmark-ext-gitlab\0.62.2\flexmark-ext-gitlab-0.62.2.jar;C:\Developpement\Outils\apache-maven-3.8.7\repository\com\vladsch\flexmark\flexmark-ext-jekyll-front-matter\0.62.2\flexmark-ext-jekyll-front-matter-0.62.2.jar;C:\Developpement\Outils\apache-maven-3.8.7\repository\com\vladsch\flexmark\flexmark-ext-jekyll-tag\0.62.2\flexmark-ext-jekyll-tag-0.62.2.jar;C:\Developpement\Outils\apache-maven-3.8.7\repository\com\vladsch\flexmark\flexmark-ext-media-tags\0.62.2\flexmark-ext-media-tags-0.62.2.jar;C:\Developpement\Outils\apache-maven-3.8.7\repository\com\vladsch\flexmark\flexmark-ext-macros\0.62.2\flexmark-ext-macros-0.62.2.jar;C:\Developpement\Outils\apache-maven-3.8.7\repository\com\vladsch\flexmark\flexmark-ext-ins\0.62.2\flexmark-ext-ins-0.62.2.jar;C:\Developpement\Outils\apache-maven-3.8.7\repository\com\vladsch\flexmark\flexmark-ext-xwiki-macros\0.62.2\flexmark-ext-xwiki-macros-0.62.2.jar;C:\Developpement\Outils\apache-maven-3.8.7\repository\com\vladsch\flexmark\flexmark-ext-superscript\0.62.2\flexmark-ext-superscript-0.62.2.jar;C:\Developpement\Outils\apache-maven-3.8.7\repository\com\vladsch\flexmark\flexmark-ext-tables\0.62.2\flexmark-ext-tables-0.62.2.jar;C:\Developpement\Outils\apache-maven-3.8.7\repository\com\vladsch\flexmark\flexmark-ext-toc\0.62.2\flexmark-ext-toc-0.62.2.jar;C:\Developpement\Outils\apache-maven-3.8.7\repository\com\vladsch\flexmark\flexmark-ext-typographic\0.62.2\flexmark-ext-typographic-0.62.2.jar;C:\Developpement\Outils\apache-maven-3.8.7\repository\com\vladsch\flexmark\flexmark-ext-wikilink\0.62.2\flexmark-ext-wikilink-0.62.2.jar;C:\Developpement\Outils\apache-maven-3.8.7\repository\com\vladsch\flexmark\flexmark-ext-yaml-front-matter\0.62.2\flexmark-ext-yaml-front-matter-0.62.2.jar;C:\Developpement\Outils\apache-maven-3.8.7\repository\com\vladsch\flexmark\flexmark-ext-youtube-embedded\0.62.2\flexmark-ext-youtube-embedded-0.62.2.jar;C:\Developpement\Outils\apache-maven-3.8.7\repository\com\vladsch\flexmark\flexmark-html2md-converter\0.62.2\flexmark-html2md-converter-0.62.2.jar;C:\Developpement\Outils\apache-maven-3.8.7\repository\org\jsoup\jsoup\1.11.3\jsoup-1.11.3.jar;C:\Developpement\Outils\apache-maven-3.8.7\repository\com\vladsch\flexmark\flexmark-jira-converter\0.62.2\flexmark-jira-converter-0.62.2.jar;C:\Developpement\Outils\apache-maven-3.8.7\repository\com\vladsch\flexmark\flexmark-profile-pegdown\0.62.2\flexmark-profile-pegdown-0.62.2.jar;C:\Developpement\Outils\apache-maven-3.8.7\repository\com\vladsch\flexmark\flexmark-util-ast\0.62.2\flexmark-util-ast-0.62.2.jar;C:\Developpement\Outils\apache-maven-3.8.7\repository\com\vladsch\flexmark\flexmark-util-builder\0.62.2\flexmark-util-builder-0.62.2.jar;C:\Developpement\Outils\apache-maven-3.8.7\repository\com\vladsch\flexmark\flexmark-util-collection\0.62.2\flexmark-util-collection-0.62.2.jar;C:\Developpement\Outils\apache-maven-3.8.7\repository\com\vladsch\flexmark\flexmark-util-data\0.62.2\flexmark-util-data-0.62.2.jar;C:\Developpement\Outils\apache-maven-3.8.7\repository\com\vladsch\flexmark\flexmark-util-dependency\0.62.2\flexmark-util-dependency-0.62.2.jar;C:\Developpement\Outils\apache-maven-3.8.7\repository\com\vladsch\flexmark\flexmark-util-format\0.62.2\flexmark-util-format-0.62.2.jar;C:\Developpement\Outils\apache-maven-3.8.7\repository\com\vladsch\flexmark\flexmark-util-html\0.62.2\flexmark-util-html-0.62.2.jar;C:\Developpement\Outils\apache-maven-3.8.7\repository\com\vladsch\flexmark\flexmark-util-misc\0.62.2\flexmark-util-misc-0.62.2.jar;C:\Developpement\Outils\apache-maven-3.8.7\repository\com\vladsch\flexmark\flexmark-util-options\0.62.2\flexmark-util-options-0.62.2.jar;C:\Developpement\Outils\apache-maven-3.8.7\repository\com\vladsch\flexmark\flexmark-util-sequence\0.62.2\flexmark-util-sequence-0.62.2.jar;C:\Developpement\Outils\apache-maven-3.8.7\repository\com\vladsch\flexmark\flexmark-util-visitor\0.62.2\flexmark-util-visitor-0.62.2.jar;C:\Developpement\Outils\apache-maven-3.8.7\repository\com\vladsch\flexmark\flexmark-youtrack-converter\0.62.2\flexmark-youtrack-converter-0.62.2.jar;C:\Developpement\Outils\apache-maven-3.8.7\repository\org\jetbrains\annotations\15.0\annotations-15.0.jar;C:\Developpement\Outils\apache-maven-3.8.7\repository\org\apache\maven\doxia\doxia-decoration-model\2.0.0-M4\doxia-decoration-model-2.0.0-M4.jar;C:\Developpement\Outils\apache-maven-3.8.7\repository\org\apache\maven\doxia\doxia-site-renderer\2.0.0-M4\doxia-site-renderer-2.0.0-M4.jar;C:\Developpement\Outils\apache-maven-3.8.7\repository\org\apache\maven\doxia\doxia-skin-model\2.0.0-M4\doxia-skin-model-2.0.0-M4.jar;C:\Developpement\Outils\apache-maven-3.8.7\repository\org\codehaus\plexus\plexus-velocity\2.0\plexus-velocity-2.0.jar;C:\Developpement\Outils\apache-maven-3.8.7\repository\org\apache\velocity\velocity-engine-core\2.3\velocity-engine-core-2.3.jar;C:\Developpement\Outils\apache-maven-3.8.7\repository\org\apache\velocity\tools\velocity-tools-generic\3.1\velocity-tools-generic-3.1.jar;C:\Developpement\Outils\apache-maven-3.8.7\repository\commons-beanutils\commons-beanutils\1.9.4\commons-beanutils-1.9.4.jar;C:\Developpement\Outils\apache-maven-3.8.7\repository\commons-logging\commons-logging\1.2\commons-logging-1.2.jar;C:\Developpement\Outils\apache-maven-3.8.7\repository\commons-collections\commons-collections\3.2.2\commons-collections-3.2.2.jar;C:\Developpement\Outils\apache-maven-3.8.7\repository\org\apache\commons\commons-digester3\3.2\commons-digester3-3.2.jar;C:\Developpement\Outils\apache-maven-3.8.7\repository\com\github\cliftonlabs\json-simple\3.0.2\json-simple-3.0.2.jar;C:\Developpement\Outils\apache-maven-3.8.7\repository\org\apache\commons\commons-lang3\3.7\commons-lang3-3.7.jar;C:\Developpement\Outils\apache-maven-3.8.7\repository\org\apache\maven\doxia\doxia-integration-tools\2.0.0-M4\doxia-integration-tools-2.0.0-M4.jar;C:\Developpement\Outils\apache-maven-3.8.7\repository\org\eclipse\jetty\jetty-server\9.4.11.v20180605\jetty-server-9.4.11.v20180605.jar;C:\Developpement\Outils\apache-maven-3.8.7\repository\javax\servlet\javax.servlet-api\3.1.0\javax.servlet-api-3.1.0.jar;C:\Developpement\Outils\apache-maven-3.8.7\repository\org\eclipse\jetty\jetty-http\9.4.11.v20180605\jetty-http-9.4.11.v20180605.jar;C:\Developpement\Outils\apache-maven-3.8.7\repository\org\eclipse\jetty\jetty-io\9.4.11.v20180605\jetty-io-9.4.11.v20180605.jar;C:\Developpement\Outils\apache-maven-3.8.7\repository\org\eclipse\jetty\jetty-servlet\9.4.11.v20180605\jetty-servlet-9.4.11.v20180605.jar;C:\Developpement\Outils\apache-maven-3.8.7\repository\org\eclipse\jetty\jetty-security\9.4.11.v20180605\jetty-security-9.4.11.v20180605.jar;C:\Developpement\Outils\apache-maven-3.8.7\repository\org\eclipse\jetty\jetty-webapp\9.4.11.v20180605\jetty-webapp-9.4.11.v20180605.jar;C:\Developpement\Outils\apache-maven-3.8.7\repository\org\eclipse\jetty\jetty-xml\9.4.11.v20180605\jetty-xml-9.4.11.v20180605.jar;C:\Developpement\Outils\apache-maven-3.8.7\repository\org\eclipse\jetty\jetty-util\9.4.11.v20180605\jetty-util-9.4.11.v20180605.jar;C:\Developpement\Outils\apache-maven-3.8.7\repository\org\apache\maven\plugins\maven-surefire-plugin\3.0.0\maven-surefire-plugin-3.0.0.jar;C:\Developpement\Outils\apache-maven-3.8.7\repository\org\apache\maven\surefire\maven-surefire-common\3.0.0\maven-surefire-common-3.0.0.jar;C:\Developpement\Outils\apache-maven-3.8.7\repository\org\apache\maven\surefire\surefire-api\3.0.0\surefire-api-3.0.0.jar;C:\Developpement\Outils\apache-maven-3.8.7\repository\org\apache\maven\surefire\surefire-logger-api\3.0.0\surefire-logger-api-3.0.0.jar;C:\Developpement\Outils\apache-maven-3.8.7\repository\org\apache\maven\surefire\surefire-extensions-api\3.0.0\surefire-extensions-api-3.0.0.jar;C:\Developpement\Outils\apache-maven-3.8.7\repository\org\apache\maven\surefire\surefire-booter\3.0.0\surefire-booter-3.0.0.jar;C:\Developpement\Outils\apache-maven-3.8.7\repository\org\apache\maven\surefire\surefire-extensions-spi\3.0.0\surefire-extensions-spi-3.0.0.jar;C:\Developpement\Outils\apache-maven-3.8.7\repository\org\apache\maven\shared\maven-common-artifact-filters\3.1.1\maven-common-artifact-filters-3.1.1.jar;C:\Developpement\Outils\apache-maven-3.8.7\repository\org\codehaus\plexus\plexus-java\1.1.2\plexus-java-1.1.2.jar;C:\Developpement\Outils\apache-maven-3.8.7\repository\com\thoughtworks\qdox\qdox\2.0.3\qdox-2.0.3.jar;C:\Developpement\Outils\apache-maven-3.8.7\repository\org\apache\maven\surefire\surefire-shared-utils\3.0.0\surefire-shared-utils-3.0.0.jar;C:\Developpement\Outils\apache-maven-3.8.7\repository\org\springframework\security\spring-security-oauth2-client\5.0.7.RELEASE\spring-security-oauth2-client-5.0.7.RELEASE.jar;C:\Developpement\Outils\apache-maven-3.8.7\repository\com\nimbusds\oauth2-oidc-sdk\5.64.2\oauth2-oidc-sdk-5.64.2.jar;C:\Developpement\Outils\apache-maven-3.8.7\repository\javax\mail\mail\1.4.7\mail-1.4.7.jar;C:\Developpement\Outils\apache-maven-3.8.7\repository\javax\activation\activation\1.1\activation-1.1.jar;C:\Developpement\Outils\apache-maven-3.8.7\repository\com\github\stephenc\jcip\jcip-annotations\1.0-1\jcip-annotations-1.0-1.jar;C:\Developpement\Outils\apache-maven-3.8.7\repository\com\nimbusds\lang-tag\1.7\lang-tag-1.7.jar;C:\Developpement\Outils\apache-maven-3.8.7\repository\com\nimbusds\nimbus-jose-jwt\9.31\nimbus-jose-jwt-9.31.jar;C:\Developpement\Outils\apache-maven-3.8.7\repository\org\springframework\security\spring-security-oauth2-core\5.0.7.RELEASE\spring-security-oauth2-core-5.0.7.RELEASE.jar;C:\Developpement\Outils\apache-maven-3.8.7\repository\com\jparams\to-string-verifier\1.4.8\to-string-verifier-1.4.8.jar;C:\Developpement\Outils\apache-maven-3.8.7\repository\com\jparams\object-builder\2.3.1\object-builder-2.3.1.jar;"/>
    <property name="java.vm.vendor" value="Temurin"/>
    <property name="sun.arch.data.model" value="64"/>
    <property name="user.variant" value=""/>
    <property name="java.vendor.url" value="https://adoptium.net/"/>
    <property name="user.timezone" value="Europe/Paris"/>
    <property name="java.vm.specification.version" value="1.8"/>
    <property name="os.name" value="Windows 11"/>
    <property name="user.country" value="FR"/>
    <property name="sun.java.launcher" value="SUN_STANDARD"/>
    <property name="sun.boot.library.path" value="C:\Program Files\Java\java8\jdk\jre\bin"/>
    <property name="sun.java.command" value="C:\Users\p-tit\AppData\Local\Temp\surefire400154476182915514\surefirebooter971805594311480359.jar C:\Users\p-tit\AppData\Local\Temp\surefire400154476182915514 2023-07-12T12-33-39_050-jvmRun1 surefire7080450099418797616tmp surefire_02300147450245261448tmp"/>
    <property name="surefire.test.class.path" value="C:\Users\p-tit\eclipse-workspace\Poseidon-P7\JavaDA_PROJECT7_RESTAPI\Poseiden-skeleton\target\test-classes;C:\Users\p-tit\eclipse-workspace\Poseidon-P7\JavaDA_PROJECT7_RESTAPI\Poseiden-skeleton\target\classes;C:\Developpement\Outils\apache-maven-3.8.7\repository\org\hibernate\validator\hibernate-validator\6.1.7.Final\hibernate-validator-6.1.7.Final.jar;C:\Developpement\Outils\apache-maven-3.8.7\repository\jakarta\validation\jakarta.validation-api\2.0.2\jakarta.validation-api-2.0.2.jar;C:\Developpement\Outils\apache-maven-3.8.7\repository\org\jboss\logging\jboss-logging\3.3.2.Final\jboss-logging-3.3.2.Final.jar;C:\Developpement\Outils\apache-maven-3.8.7\repository\com\fasterxml\classmate\1.3.4\classmate-1.3.4.jar;C:\Developpement\Outils\apache-maven-3.8.7\repository\org\springframework\boot\spring-boot-starter-test\2.0.4.RELEASE\spring-boot-starter-test-2.0.4.RELEASE.jar;C:\Developpement\Outils\apache-maven-3.8.7\repository\org\springframework\boot\spring-boot-starter\2.0.4.RELEASE\spring-boot-starter-2.0.4.RELEASE.jar;C:\Developpement\Outils\apache-maven-3.8.7\repository\org\springframework\boot\spring-boot-starter-logging\2.0.4.RELEASE\spring-boot-starter-logging-2.0.4.RELEASE.jar;C:\Developpement\Outils\apache-maven-3.8.7\repository\ch\qos\logback\logback-classic\1.2.3\logback-classic-1.2.3.jar;C:\Developpement\Outils\apache-maven-3.8.7\repository\ch\qos\logback\logback-core\1.2.3\logback-core-1.2.3.jar;C:\Developpement\Outils\apache-maven-3.8.7\repository\org\apache\logging\log4j\log4j-to-slf4j\2.10.0\log4j-to-slf4j-2.10.0.jar;C:\Developpement\Outils\apache-maven-3.8.7\repository\org\apache\logging\log4j\log4j-api\2.10.0\log4j-api-2.10.0.jar;C:\Developpement\Outils\apache-maven-3.8.7\repository\org\slf4j\jul-to-slf4j\1.7.25\jul-to-slf4j-1.7.25.jar;C:\Developpement\Outils\apache-maven-3.8.7\repository\javax\annotation\javax.annotation-api\1.3.2\javax.annotation-api-1.3.2.jar;C:\Developpement\Outils\apache-maven-3.8.7\repository\org\yaml\snakeyaml\1.19\snakeyaml-1.19.jar;C:\Developpement\Outils\apache-maven-3.8.7\repository\org\springframework\boot\spring-boot-test\2.0.4.RELEASE\spring-boot-test-2.0.4.RELEASE.jar;C:\Developpement\Outils\apache-maven-3.8.7\repository\org\springframework\boot\spring-boot-test-autoconfigure\2.0.4.RELEASE\spring-boot-test-autoconfigure-2.0.4.RELEASE.jar;C:\Developpement\Outils\apache-maven-3.8.7\repository\com\jayway\jsonpath\json-path\2.4.0\json-path-2.4.0.jar;C:\Developpement\Outils\apache-maven-3.8.7\repository\net\minidev\json-smart\2.3\json-smart-2.3.jar;C:\Developpement\Outils\apache-maven-3.8.7\repository\net\minidev\accessors-smart\1.2\accessors-smart-1.2.jar;C:\Developpement\Outils\apache-maven-3.8.7\repository\org\slf4j\slf4j-api\1.7.25\slf4j-api-1.7.25.jar;C:\Developpement\Outils\apache-maven-3.8.7\repository\junit\junit\4.12\junit-4.12.jar;C:\Developpement\Outils\apache-maven-3.8.7\repository\org\assertj\assertj-core\3.9.1\assertj-core-3.9.1.jar;C:\Developpement\Outils\apache-maven-3.8.7\repository\org\mockito\mockito-core\2.15.0\mockito-core-2.15.0.jar;C:\Developpement\Outils\apache-maven-3.8.7\repository\net\bytebuddy\byte-buddy\1.7.11\byte-buddy-1.7.11.jar;C:\Developpement\Outils\apache-maven-3.8.7\repository\net\bytebuddy\byte-buddy-agent\1.7.11\byte-buddy-agent-1.7.11.jar;C:\Developpement\Outils\apache-maven-3.8.7\repository\org\objenesis\objenesis\2.6\objenesis-2.6.jar;C:\Developpement\Outils\apache-maven-3.8.7\repository\org\hamcrest\hamcrest-core\1.3\hamcrest-core-1.3.jar;C:\Developpement\Outils\apache-maven-3.8.7\repository\org\hamcrest\hamcrest-library\1.3\hamcrest-library-1.3.jar;C:\Developpement\Outils\apache-maven-3.8.7\repository\org\skyscreamer\jsonassert\1.5.0\jsonassert-1.5.0.jar;C:\Developpement\Outils\apache-maven-3.8.7\repository\com\vaadin\external\google\android-json\0.0.20131108.vaadin1\android-json-0.0.20131108.vaadin1.jar;C:\Developpement\Outils\apache-maven-3.8.7\repository\org\springframework\spring-core\5.0.8.RELEASE\spring-core-5.0.8.RELEASE.jar;C:\Developpement\Outils\apache-maven-3.8.7\repository\org\springframework\spring-jcl\5.0.8.RELEASE\spring-jcl-5.0.8.RELEASE.jar;C:\Developpement\Outils\apache-maven-3.8.7\repository\org\springframework\spring-test\5.0.8.RELEASE\spring-test-5.0.8.RELEASE.jar;C:\Developpement\Outils\apache-maven-3.8.7\repository\org\xmlunit\xmlunit-core\2.5.1\xmlunit-core-2.5.1.jar;C:\Developpement\Outils\apache-maven-3.8.7\repository\org\springframework\boot\spring-boot-starter-data-jpa\2.0.4.RELEASE\spring-boot-starter-data-jpa-2.0.4.RELEASE.jar;C:\Developpement\Outils\apache-maven-3.8.7\repository\org\springframework\boot\spring-boot-starter-aop\2.0.4.RELEASE\spring-boot-starter-aop-2.0.4.RELEASE.jar;C:\Developpement\Outils\apache-maven-3.8.7\repository\org\aspectj\aspectjweaver\1.8.13\aspectjweaver-1.8.13.jar;C:\Developpement\Outils\apache-maven-3.8.7\repository\org\springframework\boot\spring-boot-starter-jdbc\2.0.4.RELEASE\spring-boot-starter-jdbc-2.0.4.RELEASE.jar;C:\Developpement\Outils\apache-maven-3.8.7\repository\com\zaxxer\HikariCP\2.7.9\HikariCP-2.7.9.jar;C:\Developpement\Outils\apache-maven-3.8.7\repository\org\springframework\spring-jdbc\5.0.8.RELEASE\spring-jdbc-5.0.8.RELEASE.jar;C:\Developpement\Outils\apache-maven-3.8.7\repository\org\hibernate\hibernate-core\5.2.17.Final\hibernate-core-5.2.17.Final.jar;C:\Developpement\Outils\apache-maven-3.8.7\repository\org\hibernate\javax\persistence\hibernate-jpa-2.1-api\1.0.2.Final\hibernate-jpa-2.1-api-1.0.2.Final.jar;C:\Developpement\Outils\apache-maven-3.8.7\repository\org\javassist\javassist\3.22.0-GA\javassist-3.22.0-GA.jar;C:\Developpement\Outils\apache-maven-3.8.7\repository\antlr\antlr\2.7.7\antlr-2.7.7.jar;C:\Developpement\Outils\apache-maven-3.8.7\repository\org\jboss\jandex\2.0.3.Final\jandex-2.0.3.Final.jar;C:\Developpement\Outils\apache-maven-3.8.7\repository\dom4j\dom4j\1.6.1\dom4j-1.6.1.jar;C:\Developpement\Outils\apache-maven-3.8.7\repository\org\hibernate\common\hibernate-commons-annotations\5.0.1.Final\hibernate-commons-annotations-5.0.1.Final.jar;C:\Developpement\Outils\apache-maven-3.8.7\repository\javax\transaction\javax.transaction-api\1.2\javax.transaction-api-1.2.jar;C:\Developpement\Outils\apache-maven-3.8.7\repository\org\springframework\data\spring-data-jpa\2.0.9.RELEASE\spring-data-jpa-2.0.9.RELEASE.jar;C:\Developpement\Outils\apache-maven-3.8.7\repository\org\springframework\data\spring-data-commons\2.0.9.RELEASE\spring-data-commons-2.0.9.RELEASE.jar;C:\Developpement\Outils\apache-maven-3.8.7\repository\org\springframework\spring-orm\5.0.8.RELEASE\spring-orm-5.0.8.RELEASE.jar;C:\Developpement\Outils\apache-maven-3.8.7\repository\org\springframework\spring-context\5.0.8.RELEASE\spring-context-5.0.8.RELEASE.jar;C:\Developpement\Outils\apache-maven-3.8.7\repository\org\springframework\spring-tx\5.0.8.RELEASE\spring-tx-5.0.8.RELEASE.jar;C:\Developpement\Outils\apache-maven-3.8.7\repository\org\springframework\spring-beans\5.0.8.RELEASE\spring-beans-5.0.8.RELEASE.jar;C:\Developpement\Outils\apache-maven-3.8.7\repository\org\springframework\spring-aspects\5.0.8.RELEASE\spring-aspects-5.0.8.RELEASE.jar;C:\Developpement\Outils\apache-maven-3.8.7\repository\org\springframework\boot\spring-boot-starter-web\2.0.4.RELEASE\spring-boot-starter-web-2.0.4.RELEASE.jar;C:\Developpement\Outils\apache-maven-3.8.7\repository\org\springframework\boot\spring-boot-starter-json\2.0.4.RELEASE\spring-boot-starter-json-2.0.4.RELEASE.jar;C:\Developpement\Outils\apache-maven-3.8.7\repository\com\fasterxml\jackson\core\jackson-databind\2.9.6\jackson-databind-2.9.6.jar;C:\Developpement\Outils\apache-maven-3.8.7\repository\com\fasterxml\jackson\core\jackson-annotations\2.9.0\jackson-annotations-2.9.0.jar;C:\Developpement\Outils\apache-maven-3.8.7\repository\com\fasterxml\jackson\core\jackson-core\2.9.6\jackson-core-2.9.6.jar;C:\Developpement\Outils\apache-maven-3.8.7\repository\com\fasterxml\jackson\datatype\jackson-datatype-jdk8\2.9.6\jackson-datatype-jdk8-2.9.6.jar;C:\Developpement\Outils\apache-maven-3.8.7\repository\com\fasterxml\jackson\datatype\jackson-datatype-jsr310\2.9.6\jackson-datatype-jsr310-2.9.6.jar;C:\Developpement\Outils\apache-maven-3.8.7\repository\com\fasterxml\jackson\module\jackson-module-parameter-names\2.9.6\jackson-module-parameter-names-2.9.6.jar;C:\Developpement\Outils\apache-maven-3.8.7\repository\org\springframework\boot\spring-boot-starter-tomcat\2.0.4.RELEASE\spring-boot-starter-tomcat-2.0.4.RELEASE.jar;C:\Developpement\Outils\apache-maven-3.8.7\repository\org\apache\tomcat\embed\tomcat-embed-core\8.5.32\tomcat-embed-core-8.5.32.jar;C:\Developpement\Outils\apache-maven-3.8.7\repository\org\apache\tomcat\embed\tomcat-embed-el\8.5.32\tomcat-embed-el-8.5.32.jar;C:\Developpement\Outils\apache-maven-3.8.7\repository\org\apache\tomcat\embed\tomcat-embed-websocket\8.5.32\tomcat-embed-websocket-8.5.32.jar;C:\Developpement\Outils\apache-maven-3.8.7\repository\org\springframework\spring-web\5.0.8.RELEASE\spring-web-5.0.8.RELEASE.jar;C:\Developpement\Outils\apache-maven-3.8.7\repository\org\springframework\spring-webmvc\5.0.8.RELEASE\spring-webmvc-5.0.8.RELEASE.jar;C:\Developpement\Outils\apache-maven-3.8.7\repository\org\springframework\spring-expression\5.0.8.RELEASE\spring-expression-5.0.8.RELEASE.jar;C:\Developpement\Outils\apache-maven-3.8.7\repository\org\springframework\boot\spring-boot-starter-thymeleaf\2.0.4.RELEASE\spring-boot-starter-thymeleaf-2.0.4.RELEASE.jar;C:\Developpement\Outils\apache-maven-3.8.7\repository\org\thymeleaf\thymeleaf-spring5\3.0.9.RELEASE\thymeleaf-spring5-3.0.9.RELEASE.jar;C:\Developpement\Outils\apache-maven-3.8.7\repository\org\thymeleaf\thymeleaf\3.0.9.RELEASE\thymeleaf-3.0.9.RELEASE.jar;C:\Developpement\Outils\apache-maven-3.8.7\repository\org\attoparser\attoparser\2.0.4.RELEASE\attoparser-2.0.4.RELEASE.jar;C:\Developpement\Outils\apache-maven-3.8.7\repository\org\unbescape\unbescape\1.1.5.RELEASE\unbescape-1.1.5.RELEASE.jar;C:\Developpement\Outils\apache-maven-3.8.7\repository\org\thymeleaf\extras\thymeleaf-extras-java8time\3.0.1.RELEASE\thymeleaf-extras-java8time-3.0.1.RELEASE.jar;C:\Developpement\Outils\apache-maven-3.8.7\repository\org\springframework\boot\spring-boot-starter-security\2.0.4.RELEASE\spring-boot-starter-security-2.0.4.RELEASE.jar;C:\Developpement\Outils\apache-maven-3.8.7\repository\org\springframework\spring-aop\5.0.8.RELEASE\spring-aop-5.0.8.RELEASE.jar;C:\Developpement\Outils\apache-maven-3.8.7\repository\org\springframework\security\spring-security-config\5.0.7.RELEASE\spring-security-config-5.0.7.RELEASE.jar;C:\Developpement\Outils\apache-maven-3.8.7\repository\org\springframework\security\spring-security-web\5.0.7.RELEASE\spring-security-web-5.0.7.RELEASE.jar;C:\Developpement\Outils\apache-maven-3.8.7\repository\org\springframework\security\spring-security-test\5.0.7.RELEASE\spring-security-test-5.0.7.RELEASE.jar;C:\Developpement\Outils\apache-maven-3.8.7\repository\org\springframework\security\spring-security-core\5.0.7.RELEASE\spring-security-core-5.0.7.RELEASE.jar;C:\Developpement\Outils\apache-maven-3.8.7\repository\org\springframework\boot\spring-boot-devtools\2.0.4.RELEASE\spring-boot-devtools-2.0.4.RELEASE.jar;C:\Developpement\Outils\apache-maven-3.8.7\repository\org\springframework\boot\spring-boot\2.0.4.RELEASE\spring-boot-2.0.4.RELEASE.jar;C:\Developpement\Outils\apache-maven-3.8.7\repository\org\springframework\boot\spring-boot-autoconfigure\2.0.4.RELEASE\spring-boot-autoconfigure-2.0.4.RELEASE.jar;C:\Developpement\Outils\apache-maven-3.8.7\repository\mysql\mysql-connector-java\5.1.46\mysql-connector-java-5.1.46.jar;C:\Developpement\Outils\apache-maven-3.8.7\repository\com\h2database\h2\1.4.197\h2-1.4.197.jar;C:\Developpement\Outils\apache-maven-3.8.7\repository\org\projectlombok\lombok\1.16.22\lombok-1.16.22.jar;C:\Developpement\Outils\apache-maven-3.8.7\repository\org\jacoco\jacoco-maven-plugin\0.8.8\jacoco-maven-plugin-0.8.8.jar;C:\Developpement\Outils\apache-maven-3.8.7\repository\org\codehaus\plexus\plexus-utils\3.0.22\plexus-utils-3.0.22.jar;C:\Developpement\Outils\apache-maven-3.8.7\repository\org\apache\maven\shared\file-management\1.2.1\file-management-1.2.1.jar;C:\Developpement\Outils\apache-maven-3.8.7\repository\org\apache\maven\maven-plugin-api\2.0.6\maven-plugin-api-2.0.6.jar;C:\Developpement\Outils\apache-maven-3.8.7\repository\org\apache\maven\shared\maven-shared-io\1.1\maven-shared-io-1.1.jar;C:\Developpement\Outils\apache-maven-3.8.7\repository\org\apache\maven\maven-artifact-manager\2.0.2\maven-artifact-manager-2.0.2.jar;C:\Developpement\Outils\apache-maven-3.8.7\repository\org\apache\maven\wagon\wagon-provider-api\1.0-alpha-6\wagon-provider-api-1.0-alpha-6.jar;C:\Developpement\Outils\apache-maven-3.8.7\repository\org\codehaus\plexus\plexus-container-default\1.0-alpha-9\plexus-container-default-1.0-alpha-9.jar;C:\Developpement\Outils\apache-maven-3.8.7\repository\classworlds\classworlds\1.1-alpha-2\classworlds-1.1-alpha-2.jar;C:\Developpement\Outils\apache-maven-3.8.7\repository\org\apache\maven\reporting\maven-reporting-api\3.0\maven-reporting-api-3.0.jar;C:\Developpement\Outils\apache-maven-3.8.7\repository\org\jacoco\org.jacoco.agent\0.8.8\org.jacoco.agent-0.8.8-runtime.jar;C:\Developpement\Outils\apache-maven-3.8.7\repository\org\jacoco\org.jacoco.core\0.8.8\org.jacoco.core-0.8.8.jar;C:\Developpement\Outils\apache-maven-3.8.7\repository\org\ow2\asm\asm\9.2\asm-9.2.jar;C:\Developpement\Outils\apache-maven-3.8.7\repository\org\ow2\asm\asm-commons\9.2\asm-commons-9.2.jar;C:\Developpement\Outils\apache-maven-3.8.7\repository\org\ow2\asm\asm-analysis\9.2\asm-analysis-9.2.jar;C:\Developpement\Outils\apache-maven-3.8.7\repository\org\ow2\asm\asm-tree\9.2\asm-tree-9.2.jar;C:\Developpement\Outils\apache-maven-3.8.7\repository\org\jacoco\org.jacoco.report\0.8.8\org.jacoco.report-0.8.8.jar;C:\Developpement\Outils\apache-maven-3.8.7\repository\org\junit\jupiter\junit-jupiter\5.9.1\junit-jupiter-5.9.1.jar;C:\Developpement\Outils\apache-maven-3.8.7\repository\org\junit\jupiter\junit-jupiter-api\5.1.1\junit-jupiter-api-5.1.1.jar;C:\Developpement\Outils\apache-maven-3.8.7\repository\org\apiguardian\apiguardian-api\1.0.0\apiguardian-api-1.0.0.jar;C:\Developpement\Outils\apache-maven-3.8.7\repository\org\opentest4j\opentest4j\1.0.0\opentest4j-1.0.0.jar;C:\Developpement\Outils\apache-maven-3.8.7\repository\org\junit\platform\junit-platform-commons\1.1.1\junit-platform-commons-1.1.1.jar;C:\Developpement\Outils\apache-maven-3.8.7\repository\org\junit\jupiter\junit-jupiter-params\5.1.1\junit-jupiter-params-5.1.1.jar;C:\Developpement\Outils\apache-maven-3.8.7\repository\org\junit\jupiter\junit-jupiter-engine\5.1.1\junit-jupiter-engine-5.1.1.jar;C:\Developpement\Outils\apache-maven-3.8.7\repository\org\junit\platform\junit-platform-engine\1.1.1\junit-platform-engine-1.1.1.jar;C:\Developpement\Outils\apache-maven-3.8.7\repository\org\apache\maven\plugins\maven-site-plugin\4.0.0-M4\maven-site-plugin-4.0.0-M4.jar;C:\Developpement\Outils\apache-maven-3.8.7\repository\org\apache\maven\reporting\maven-reporting-exec\2.0.0-M3\maven-reporting-exec-2.0.0-M3.jar;C:\Developpement\Outils\apache-maven-3.8.7\repository\org\apache\maven\maven-artifact\3.2.5\maven-artifact-3.2.5.jar;C:\Developpement\Outils\apache-maven-3.8.7\repository\org\apache\maven\maven-core\3.2.5\maven-core-3.2.5.jar;C:\Developpement\Outils\apache-maven-3.8.7\repository\org\apache\maven\maven-repository-metadata\3.2.5\maven-repository-metadata-3.2.5.jar;C:\Developpement\Outils\apache-maven-3.8.7\repository\org\apache\maven\maven-model-builder\3.2.5\maven-model-builder-3.2.5.jar;C:\Developpement\Outils\apache-maven-3.8.7\repository\org\apache\maven\maven-aether-provider\3.2.5\maven-aether-provider-3.2.5.jar;C:\Developpement\Outils\apache-maven-3.8.7\repository\org\eclipse\aether\aether-spi\1.0.0.v20140518\aether-spi-1.0.0.v20140518.jar;C:\Developpement\Outils\apache-maven-3.8.7\repository\org\eclipse\aether\aether-impl\1.0.0.v20140518\aether-impl-1.0.0.v20140518.jar;C:\Developpement\Outils\apache-maven-3.8.7\repository\org\sonatype\sisu\sisu-guice\3.2.3\sisu-guice-3.2.3-no_aop.jar;C:\Developpement\Outils\apache-maven-3.8.7\repository\aopalliance\aopalliance\1.0\aopalliance-1.0.jar;C:\Developpement\Outils\apache-maven-3.8.7\repository\com\google\guava\guava\16.0.1\guava-16.0.1.jar;C:\Developpement\Outils\apache-maven-3.8.7\repository\org\codehaus\plexus\plexus-component-annotations\1.5.5\plexus-component-annotations-1.5.5.jar;C:\Developpement\Outils\apache-maven-3.8.7\repository\org\sonatype\plexus\plexus-sec-dispatcher\1.3\plexus-sec-dispatcher-1.3.jar;C:\Developpement\Outils\apache-maven-3.8.7\repository\org\sonatype\plexus\plexus-cipher\1.4\plexus-cipher-1.4.jar;C:\Developpement\Outils\apache-maven-3.8.7\repository\org\apache\maven\maven-model\3.2.5\maven-model-3.2.5.jar;C:\Developpement\Outils\apache-maven-3.8.7\repository\org\apache\maven\maven-settings\3.2.5\maven-settings-3.2.5.jar;C:\Developpement\Outils\apache-maven-3.8.7\repository\org\apache\maven\maven-settings-builder\3.2.5\maven-settings-builder-3.2.5.jar;C:\Developpement\Outils\apache-maven-3.8.7\repository\javax\inject\javax.inject\1\javax.inject-1.jar;C:\Developpement\Outils\apache-maven-3.8.7\repository\org\eclipse\aether\aether-api\1.0.0.v20140518\aether-api-1.0.0.v20140518.jar;C:\Developpement\Outils\apache-maven-3.8.7\repository\org\eclipse\aether\aether-util\1.0.0.v20140518\aether-util-1.0.0.v20140518.jar;C:\Developpement\Outils\apache-maven-3.8.7\repository\org\codehaus\plexus\plexus-classworlds\2.6.0\plexus-classworlds-2.6.0.jar;C:\Developpement\Outils\apache-maven-3.8.7\repository\org\apache\maven\shared\maven-shared-utils\3.3.4\maven-shared-utils-3.3.4.jar;C:\Developpement\Outils\apache-maven-3.8.7\repository\commons-io\commons-io\2.6\commons-io-2.6.jar;C:\Developpement\Outils\apache-maven-3.8.7\repository\org\apache\maven\maven-archiver\3.6.0\maven-archiver-3.6.0.jar;C:\Developpement\Outils\apache-maven-3.8.7\repository\org\codehaus\plexus\plexus-io\3.4.0\plexus-io-3.4.0.jar;C:\Developpement\Outils\apache-maven-3.8.7\repository\org\codehaus\plexus\plexus-interpolation\1.26\plexus-interpolation-1.26.jar;C:\Developpement\Outils\apache-maven-3.8.7\repository\org\codehaus\plexus\plexus-archiver\4.6.0\plexus-archiver-4.6.0.jar;C:\Developpement\Outils\apache-maven-3.8.7\repository\org\apache\commons\commons-compress\1.21\commons-compress-1.21.jar;C:\Developpement\Outils\apache-maven-3.8.7\repository\org\iq80\snappy\snappy\0.4\snappy-0.4.jar;C:\Developpement\Outils\apache-maven-3.8.7\repository\org\tukaani\xz\1.9\xz-1.9.jar;C:\Developpement\Outils\apache-maven-3.8.7\repository\com\github\luben\zstd-jni\1.5.2-5\zstd-jni-1.5.2-5.jar;C:\Developpement\Outils\apache-maven-3.8.7\repository\org\codehaus\plexus\plexus-i18n\1.0-beta-10\plexus-i18n-1.0-beta-10.jar;C:\Developpement\Outils\apache-maven-3.8.7\repository\org\apache\maven\doxia\doxia-sink-api\2.0.0-M4\doxia-sink-api-2.0.0-M4.jar;C:\Developpement\Outils\apache-maven-3.8.7\repository\org\apache\maven\doxia\doxia-core\2.0.0-M4\doxia-core-2.0.0-M4.jar;C:\Developpement\Outils\apache-maven-3.8.7\repository\org\eclipse\sisu\org.eclipse.sisu.plexus\0.3.5\org.eclipse.sisu.plexus-0.3.5.jar;C:\Developpement\Outils\apache-maven-3.8.7\repository\javax\enterprise\cdi-api\1.2\cdi-api-1.2.jar;C:\Developpement\Outils\apache-maven-3.8.7\repository\org\eclipse\sisu\org.eclipse.sisu.inject\0.3.5\org.eclipse.sisu.inject-0.3.5.jar;C:\Developpement\Outils\apache-maven-3.8.7\repository\org\apache\commons\commons-text\1.9\commons-text-1.9.jar;C:\Developpement\Outils\apache-maven-3.8.7\repository\org\apache\maven\doxia\doxia-module-xhtml5\2.0.0-M4\doxia-module-xhtml5-2.0.0-M4.jar;C:\Developpement\Outils\apache-maven-3.8.7\repository\org\apache\maven\doxia\doxia-module-apt\2.0.0-M4\doxia-module-apt-2.0.0-M4.jar;C:\Developpement\Outils\apache-maven-3.8.7\repository\org\apache\maven\doxia\doxia-module-xdoc\2.0.0-M4\doxia-module-xdoc-2.0.0-M4.jar;C:\Developpement\Outils\apache-maven-3.8.7\repository\org\apache\maven\doxia\doxia-module-fml\2.0.0-M4\doxia-module-fml-2.0.0-M4.jar;C:\Developpement\Outils\apache-maven-3.8.7\repository\org\apache\maven\doxia\doxia-module-markdown\2.0.0-M4\doxia-module-markdown-2.0.0-M4.jar;C:\Developpement\Outils\apache-maven-3.8.7\repository\com\vladsch\flexmark\flexmark-all\0.62.2\flexmark-all-0.62.2.jar;C:\Developpement\Outils\apache-maven-3.8.7\repository\com\vladsch\flexmark\flexmark\0.62.2\flexmark-0.62.2.jar;C:\Developpement\Outils\apache-maven-3.8.7\repository\com\vladsch\flexmark\flexmark-ext-abbreviation\0.62.2\flexmark-ext-abbreviation-0.62.2.jar;C:\Developpement\Outils\apache-maven-3.8.7\repository\com\vladsch\flexmark\flexmark-util\0.62.2\flexmark-util-0.62.2.jar;C:\Developpement\Outils\apache-maven-3.8.7\repository\com\vladsch\flexmark\flexmark-ext-admonition\0.62.2\flexmark-ext-admonition-0.62.2.jar;C:\Developpement\Outils\apache-maven-3.8.7\repository\com\vladsch\flexmark\flexmark-ext-anchorlink\0.62.2\flexmark-ext-anchorlink-0.62.2.jar;C:\Developpement\Outils\apache-maven-3.8.7\repository\com\vladsch\flexmark\flexmark-ext-aside\0.62.2\flexmark-ext-aside-0.62.2.jar;C:\Developpement\Outils\apache-maven-3.8.7\repository\com\vladsch\flexmark\flexmark-ext-attributes\0.62.2\flexmark-ext-attributes-0.62.2.jar;C:\Developpement\Outils\apache-maven-3.8.7\repository\com\vladsch\flexmark\flexmark-ext-autolink\0.62.2\flexmark-ext-autolink-0.62.2.jar;C:\Developpement\Outils\apache-maven-3.8.7\repository\org\nibor\autolink\autolink\0.6.0\autolink-0.6.0.jar;C:\Developpement\Outils\apache-maven-3.8.7\repository\com\vladsch\flexmark\flexmark-ext-definition\0.62.2\flexmark-ext-definition-0.62.2.jar;C:\Developpement\Outils\apache-maven-3.8.7\repository\com\vladsch\flexmark\flexmark-ext-emoji\0.62.2\flexmark-ext-emoji-0.62.2.jar;C:\Developpement\Outils\apache-maven-3.8.7\repository\com\vladsch\flexmark\flexmark-ext-enumerated-reference\0.62.2\flexmark-ext-enumerated-reference-0.62.2.jar;C:\Developpement\Outils\apache-maven-3.8.7\repository\com\vladsch\flexmark\flexmark-ext-escaped-character\0.62.2\flexmark-ext-escaped-character-0.62.2.jar;C:\Developpement\Outils\apache-maven-3.8.7\repository\com\vladsch\flexmark\flexmark-ext-footnotes\0.62.2\flexmark-ext-footnotes-0.62.2.jar;C:\Developpement\Outils\apache-maven-3.8.7\repository\com\vladsch\flexmark\flexmark-ext-gfm-issues\0.62.2\flexmark-ext-gfm-issues-0.62.2.jar;C:\Developpement\Outils\apache-maven-3.8.7\repository\com\vladsch\flexmark\flexmark-ext-gfm-strikethrough\0.62.2\flexmark-ext-gfm-strikethrough-0.62.2.jar;C:\Developpement\Outils\apache-maven-3.8.7\repository\com\vladsch\flexmark\flexmark-ext-gfm-tasklist\0.62.2\flexmark-ext-gfm-tasklist-0.62.2.jar;C:\Developpement\Outils\apache-maven-3.8.7\repository\com\vladsch\flexmark\flexmark-ext-gfm-users\0.62.2\flexmark-ext-gfm-users-0.62.2.jar;C:\Developpement\Outils\apache-maven-3.8.7\repository\com\vladsch\flexmark\flexmark-ext-gitlab\0.62.2\flexmark-ext-gitlab-0.62.2.jar;C:\Developpement\Outils\apache-maven-3.8.7\repository\com\vladsch\flexmark\flexmark-ext-jekyll-front-matter\0.62.2\flexmark-ext-jekyll-front-matter-0.62.2.jar;C:\Developpement\Outils\apache-maven-3.8.7\repository\com\vladsch\flexmark\flexmark-ext-jekyll-tag\0.62.2\flexmark-ext-jekyll-tag-0.62.2.jar;C:\Developpement\Outils\apache-maven-3.8.7\repository\com\vladsch\flexmark\flexmark-ext-media-tags\0.62.2\flexmark-ext-media-tags-0.62.2.jar;C:\Developpement\Outils\apache-maven-3.8.7\repository\com\vladsch\flexmark\flexmark-ext-macros\0.62.2\flexmark-ext-macros-0.62.2.jar;C:\Developpement\Outils\apache-maven-3.8.7\repository\com\vladsch\flexmark\flexmark-ext-ins\0.62.2\flexmark-ext-ins-0.62.2.jar;C:\Developpement\Outils\apache-maven-3.8.7\repository\com\vladsch\flexmark\flexmark-ext-xwiki-macros\0.62.2\flexmark-ext-xwiki-macros-0.62.2.jar;C:\Developpement\Outils\apache-maven-3.8.7\repository\com\vladsch\flexmark\flexmark-ext-superscript\0.62.2\flexmark-ext-superscript-0.62.2.jar;C:\Developpement\Outils\apache-maven-3.8.7\repository\com\vladsch\flexmark\flexmark-ext-tables\0.62.2\flexmark-ext-tables-0.62.2.jar;C:\Developpement\Outils\apache-maven-3.8.7\repository\com\vladsch\flexmark\flexmark-ext-toc\0.62.2\flexmark-ext-toc-0.62.2.jar;C:\Developpement\Outils\apache-maven-3.8.7\repository\com\vladsch\flexmark\flexmark-ext-typographic\0.62.2\flexmark-ext-typographic-0.62.2.jar;C:\Developpement\Outils\apache-maven-3.8.7\repository\com\vladsch\flexmark\flexmark-ext-wikilink\0.62.2\flexmark-ext-wikilink-0.62.2.jar;C:\Developpement\Outils\apache-maven-3.8.7\repository\com\vladsch\flexmark\flexmark-ext-yaml-front-matter\0.62.2\flexmark-ext-yaml-front-matter-0.62.2.jar;C:\Developpement\Outils\apache-maven-3.8.7\repository\com\vladsch\flexmark\flexmark-ext-youtube-embedded\0.62.2\flexmark-ext-youtube-embedded-0.62.2.jar;C:\Developpement\Outils\apache-maven-3.8.7\repository\com\vladsch\flexmark\flexmark-html2md-converter\0.62.2\flexmark-html2md-converter-0.62.2.jar;C:\Developpement\Outils\apache-maven-3.8.7\repository\org\jsoup\jsoup\1.11.3\jsoup-1.11.3.jar;C:\Developpement\Outils\apache-maven-3.8.7\repository\com\vladsch\flexmark\flexmark-jira-converter\0.62.2\flexmark-jira-converter-0.62.2.jar;C:\Developpement\Outils\apache-maven-3.8.7\repository\com\vladsch\flexmark\flexmark-profile-pegdown\0.62.2\flexmark-profile-pegdown-0.62.2.jar;C:\Developpement\Outils\apache-maven-3.8.7\repository\com\vladsch\flexmark\flexmark-util-ast\0.62.2\flexmark-util-ast-0.62.2.jar;C:\Developpement\Outils\apache-maven-3.8.7\repository\com\vladsch\flexmark\flexmark-util-builder\0.62.2\flexmark-util-builder-0.62.2.jar;C:\Developpement\Outils\apache-maven-3.8.7\repository\com\vladsch\flexmark\flexmark-util-collection\0.62.2\flexmark-util-collection-0.62.2.jar;C:\Developpement\Outils\apache-maven-3.8.7\repository\com\vladsch\flexmark\flexmark-util-data\0.62.2\flexmark-util-data-0.62.2.jar;C:\Developpement\Outils\apache-maven-3.8.7\repository\com\vladsch\flexmark\flexmark-util-dependency\0.62.2\flexmark-util-dependency-0.62.2.jar;C:\Developpement\Outils\apache-maven-3.8.7\repository\com\vladsch\flexmark\flexmark-util-format\0.62.2\flexmark-util-format-0.62.2.jar;C:\Developpement\Outils\apache-maven-3.8.7\repository\com\vladsch\flexmark\flexmark-util-html\0.62.2\flexmark-util-html-0.62.2.jar;C:\Developpement\Outils\apache-maven-3.8.7\repository\com\vladsch\flexmark\flexmark-util-misc\0.62.2\flexmark-util-misc-0.62.2.jar;C:\Developpement\Outils\apache-maven-3.8.7\repository\com\vladsch\flexmark\flexmark-util-options\0.62.2\flexmark-util-options-0.62.2.jar;C:\Developpement\Outils\apache-maven-3.8.7\repository\com\vladsch\flexmark\flexmark-util-sequence\0.62.2\flexmark-util-sequence-0.62.2.jar;C:\Developpement\Outils\apache-maven-3.8.7\repository\com\vladsch\flexmark\flexmark-util-visitor\0.62.2\flexmark-util-visitor-0.62.2.jar;C:\Developpement\Outils\apache-maven-3.8.7\repository\com\vladsch\flexmark\flexmark-youtrack-converter\0.62.2\flexmark-youtrack-converter-0.62.2.jar;C:\Developpement\Outils\apache-maven-3.8.7\repository\org\jetbrains\annotations\15.0\annotations-15.0.jar;C:\Developpement\Outils\apache-maven-3.8.7\repository\org\apache\maven\doxia\doxia-decoration-model\2.0.0-M4\doxia-decoration-model-2.0.0-M4.jar;C:\Developpement\Outils\apache-maven-3.8.7\repository\org\apache\maven\doxia\doxia-site-renderer\2.0.0-M4\doxia-site-renderer-2.0.0-M4.jar;C:\Developpement\Outils\apache-maven-3.8.7\repository\org\apache\maven\doxia\doxia-skin-model\2.0.0-M4\doxia-skin-model-2.0.0-M4.jar;C:\Developpement\Outils\apache-maven-3.8.7\repository\org\codehaus\plexus\plexus-velocity\2.0\plexus-velocity-2.0.jar;C:\Developpement\Outils\apache-maven-3.8.7\repository\org\apache\velocity\velocity-engine-core\2.3\velocity-engine-core-2.3.jar;C:\Developpement\Outils\apache-maven-3.8.7\repository\org\apache\velocity\tools\velocity-tools-generic\3.1\velocity-tools-generic-3.1.jar;C:\Developpement\Outils\apache-maven-3.8.7\repository\commons-beanutils\commons-beanutils\1.9.4\commons-beanutils-1.9.4.jar;C:\Developpement\Outils\apache-maven-3.8.7\repository\commons-logging\commons-logging\1.2\commons-logging-1.2.jar;C:\Developpement\Outils\apache-maven-3.8.7\repository\commons-collections\commons-collections\3.2.2\commons-collections-3.2.2.jar;C:\Developpement\Outils\apache-maven-3.8.7\repository\org\apache\commons\commons-digester3\3.2\commons-digester3-3.2.jar;C:\Developpement\Outils\apache-maven-3.8.7\repository\com\github\cliftonlabs\json-simple\3.0.2\json-simple-3.0.2.jar;C:\Developpement\Outils\apache-maven-3.8.7\repository\org\apache\commons\commons-lang3\3.7\commons-lang3-3.7.jar;C:\Developpement\Outils\apache-maven-3.8.7\repository\org\apache\maven\doxia\doxia-integration-tools\2.0.0-M4\doxia-integration-tools-2.0.0-M4.jar;C:\Developpement\Outils\apache-maven-3.8.7\repository\org\eclipse\jetty\jetty-server\9.4.11.v20180605\jetty-server-9.4.11.v20180605.jar;C:\Developpement\Outils\apache-maven-3.8.7\repository\javax\servlet\javax.servlet-api\3.1.0\javax.servlet-api-3.1.0.jar;C:\Developpement\Outils\apache-maven-3.8.7\repository\org\eclipse\jetty\jetty-http\9.4.11.v20180605\jetty-http-9.4.11.v20180605.jar;C:\Developpement\Outils\apache-maven-3.8.7\repository\org\eclipse\jetty\jetty-io\9.4.11.v20180605\jetty-io-9.4.11.v20180605.jar;C:\Developpement\Outils\apache-maven-3.8.7\repository\org\eclipse\jetty\jetty-servlet\9.4.11.v20180605\jetty-servlet-9.4.11.v20180605.jar;C:\Developpement\Outils\apache-maven-3.8.7\repository\org\eclipse\jetty\jetty-security\9.4.11.v20180605\jetty-security-9.4.11.v20180605.jar;C:\Developpement\Outils\apache-maven-3.8.7\repository\org\eclipse\jetty\jetty-webapp\9.4.11.v20180605\jetty-webapp-9.4.11.v20180605.jar;C:\Developpement\Outils\apache-maven-3.8.7\repository\org\eclipse\jetty\jetty-xml\9.4.11.v20180605\jetty-xml-9.4.11.v20180605.jar;C:\Developpement\Outils\apache-maven-3.8.7\repository\org\eclipse\jetty\jetty-util\9.4.11.v20180605\jetty-util-9.4.11.v20180605.jar;C:\Developpement\Outils\apache-maven-3.8.7\repository\org\apache\maven\plugins\maven-surefire-plugin\3.0.0\maven-surefire-plugin-3.0.0.jar;C:\Developpement\Outils\apache-maven-3.8.7\repository\org\apache\maven\surefire\maven-surefire-common\3.0.0\maven-surefire-common-3.0.0.jar;C:\Developpement\Outils\apache-maven-3.8.7\repository\org\apache\maven\surefire\surefire-api\3.0.0\surefire-api-3.0.0.jar;C:\Developpement\Outils\apache-maven-3.8.7\repository\org\apache\maven\surefire\surefire-logger-api\3.0.0\surefire-logger-api-3.0.0.jar;C:\Developpement\Outils\apache-maven-3.8.7\repository\org\apache\maven\surefire\surefire-extensions-api\3.0.0\surefire-extensions-api-3.0.0.jar;C:\Developpement\Outils\apache-maven-3.8.7\repository\org\apache\maven\surefire\surefire-booter\3.0.0\surefire-booter-3.0.0.jar;C:\Developpement\Outils\apache-maven-3.8.7\repository\org\apache\maven\surefire\surefire-extensions-spi\3.0.0\surefire-extensions-spi-3.0.0.jar;C:\Developpement\Outils\apache-maven-3.8.7\repository\org\apache\maven\shared\maven-common-artifact-filters\3.1.1\maven-common-artifact-filters-3.1.1.jar;C:\Developpement\Outils\apache-maven-3.8.7\repository\org\codehaus\plexus\plexus-java\1.1.2\plexus-java-1.1.2.jar;C:\Developpement\Outils\apache-maven-3.8.7\repository\com\thoughtworks\qdox\qdox\2.0.3\qdox-2.0.3.jar;C:\Developpement\Outils\apache-maven-3.8.7\repository\org\apache\maven\surefire\surefire-shared-utils\3.0.0\surefire-shared-utils-3.0.0.jar;C:\Developpement\Outils\apache-maven-3.8.7\repository\org\springframework\security\spring-security-oauth2-client\5.0.7.RELEASE\spring-security-oauth2-client-5.0.7.RELEASE.jar;C:\Developpement\Outils\apache-maven-3.8.7\repository\com\nimbusds\oauth2-oidc-sdk\5.64.2\oauth2-oidc-sdk-5.64.2.jar;C:\Developpement\Outils\apache-maven-3.8.7\repository\javax\mail\mail\1.4.7\mail-1.4.7.jar;C:\Developpement\Outils\apache-maven-3.8.7\repository\javax\activation\activation\1.1\activation-1.1.jar;C:\Developpement\Outils\apache-maven-3.8.7\repository\com\github\stephenc\jcip\jcip-annotations\1.0-1\jcip-annotations-1.0-1.jar;C:\Developpement\Outils\apache-maven-3.8.7\repository\com\nimbusds\lang-tag\1.7\lang-tag-1.7.jar;C:\Developpement\Outils\apache-maven-3.8.7\repository\com\nimbusds\nimbus-jose-jwt\9.31\nimbus-jose-jwt-9.31.jar;C:\Developpement\Outils\apache-maven-3.8.7\repository\org\springframework\security\spring-security-oauth2-core\5.0.7.RELEASE\spring-security-oauth2-core-5.0.7.RELEASE.jar;C:\Developpement\Outils\apache-maven-3.8.7\repository\com\jparams\to-string-verifier\1.4.8\to-string-verifier-1.4.8.jar;C:\Developpement\Outils\apache-maven-3.8.7\repository\com\jparams\object-builder\2.3.1\object-builder-2.3.1.jar;"/>
    <property name="sun.cpu.endian" value="little"/>
    <property name="user.home" value="C:\Users\p-tit"/>
    <property name="user.language" value="fr"/>
    <property name="java.specification.vendor" value="Oracle Corporation"/>
    <property name="java.home" value="C:\Program Files\Java\java8\jdk\jre"/>
    <property name="basedir" value="C:\Users\p-tit\eclipse-workspace\Poseidon-P7\JavaDA_PROJECT7_RESTAPI\Poseiden-skeleton"/>
    <property name="file.separator" value="\"/>
    <property name="line.separator" value="&#10;"/>
    <property name="java.vm.specification.vendor" value="Oracle Corporation"/>
    <property name="java.specification.name" value="Java Platform API Specification"/>
    <property name="java.awt.graphicsenv" value="sun.awt.Win32GraphicsEnvironment"/>
    <property name="surefire.real.class.path" value="C:\Users\p-tit\AppData\Local\Temp\surefire400154476182915514\surefirebooter971805594311480359.jar;C:\\Developpement\\Outils\\apache-maven-3.8.7\\repository\\org\\jacoco\\org.jacoco.agent\\0.8.8\\org.jacoco.agent-0.8.8-runtime.jar"/>
    <property name="sun.boot.class.path" value="C:\Program Files\Java\java8\jdk\jre\lib\resources.jar;C:\Program Files\Java\java8\jdk\jre\lib\rt.jar;C:\Program Files\Java\java8\jdk\jre\lib\sunrsasign.jar;C:\Program Files\Java\java8\jdk\jre\lib\jsse.jar;C:\Program Files\Java\java8\jdk\jre\lib\jce.jar;C:\Program Files\Java\java8\jdk\jre\lib\charsets.jar;C:\Program Files\Java\java8\jdk\jre\lib\jfr.jar;C:\Program Files\Java\java8\jdk\jre\classes"/>
    <property name="user.script" value=""/>
    <property name="sun.management.compiler" value="HotSpot 64-Bit Tiered Compilers"/>
    <property name="java.runtime.version" value="1.8.0_372-b07"/>
    <property name="user.name" value="p-tit"/>
    <property name="path.separator" value=";"/>
    <property name="os.version" value="10.0"/>
    <property name="java.endorsed.dirs" value="C:\Program Files\Java\java8\jdk\jre\lib\endorsed"/>
    <property name="java.runtime.name" value="OpenJDK Runtime Environment"/>
    <property name="file.encoding" value="Cp1252"/>
    <property name="java.vm.name" value="OpenJDK 64-Bit Server VM"/>
    <property name="localRepository" value="C:\Developpement\Outils\apache-maven-3.8.7\repository"/>
    <property name="java.vendor.url.bug" value="https://github.com/adoptium/adoptium-support/issues"/>
    <property name="java.io.tmpdir" value="C:\Users\p-tit\AppData\Local\Temp\"/>
    <property name="java.version" value="1.8.0_372"/>
    <property name="user.dir" value="C:\Users\p-tit\eclipse-workspace\Poseidon-P7\JavaDA_PROJECT7_RESTAPI\Poseiden-skeleton"/>
    <property name="os.arch" value="amd64"/>
    <property name="java.vm.specification.name" value="Java Virtual Machine Specification"/>
    <property name="java.awt.printerjob" value="sun.awt.windows.WPrinterJob"/>
    <property name="sun.os.patch.level" value=""/>
    <property name="java.library.path" value="C:\Program Files\Java\java8\jdk\jre\bin;C:\Windows\Sun\Java\bin;C:\Windows\system32;C:\Windows;C:\Windows;C:\Windows\System32\Wbem;C:\Windows\System32\WindowsPowerShell\v1.0\;C:\Windows\System32\OpenSSH\;C:\Developpement\Outils\git\bin;C:\Program Files\Java\java8\jdk\bin;C:\Developpement\Outils\apache-maven-3.8.7\bin;C:\Program Files\Java\jdk-17\bin;C:\Users\p-tit\AppData\Local\Microsoft\WindowsApps;C:\Users\p-tit\AppData\Local\Programs\Microsoft VS Code\bin;."/>
    <property name="java.vm.info" value="mixed mode"/>
    <property name="java.vendor" value="Temurin"/>
    <property name="java.vm.version" value="25.372-b07"/>
    <property name="java.specification.maintenance.version" value="4"/>
    <property name="java.ext.dirs" value="C:\Program Files\Java\java8\jdk\jre\lib\ext;C:\Windows\Sun\Java\lib\ext"/>
    <property name="sun.io.unicode.encoding" value="UnicodeLittle"/>
    <property name="java.class.version" value="52.0"/>
  </properties>
  <testcase name="saveTradeTest" classname="com.nnk.springboot.service.TradeServiceTest" time="0.02"/>
  <testcase name="getTradeByIdTest" classname="com.nnk.springboot.service.TradeServiceTest" time="0.007"/>
  <testcase name="deleteTradeFailTest" classname="com.nnk.springboot.service.TradeServiceTest" time="0.009"/>
  <testcase name="updateTradeFailTest" classname="com.nnk.springboot.service.TradeServiceTest" time="0.009"/>
  <testcase name="deleteTradeTest" classname="com.nnk.springboot.service.TradeServiceTest" time="0.01"/>
  <testcase name="getTradesTest" classname="com.nnk.springboot.service.TradeServiceTest" time="0.007"/>
  <testcase name="updateTradeTest" classname="com.nnk.springboot.service.TradeServiceTest" time="0.009"/>
</testsuite>